0 info it worked if it ends with ok
1 verbose cli [ 'C:\\Program Files (x86)\\nodejs\\\\node.exe',
1 verbose cli   'C:\\Program Files (x86)\\nodejs\\node_modules\\npm\\bin\\npm-cli.js',
1 verbose cli   'install',
1 verbose cli   'grint-contrib-watch',
1 verbose cli   '-save-dev' ]
2 info using npm@1.4.28
3 info using node@v0.10.33
4 verbose node symlink C:\Program Files (x86)\nodejs\\node.exe
5 warn package.json ts_test@1.0.0 No description
6 warn package.json ts_test@1.0.0 No repository field.
7 warn package.json ts_test@1.0.0 No README data
8 verbose readDependencies using package.json deps
9 verbose cache add [ 'grint-contrib-watch', null ]
10 verbose cache add name=undefined spec="grint-contrib-watch" args=["grint-contrib-watch",null]
11 verbose parsed url { protocol: null,
11 verbose parsed url   slashes: null,
11 verbose parsed url   auth: null,
11 verbose parsed url   host: null,
11 verbose parsed url   port: null,
11 verbose parsed url   hostname: null,
11 verbose parsed url   hash: null,
11 verbose parsed url   search: null,
11 verbose parsed url   query: null,
11 verbose parsed url   pathname: 'grint-contrib-watch',
11 verbose parsed url   path: 'grint-contrib-watch',
11 verbose parsed url   href: 'grint-contrib-watch' }
12 silly lockFile 896001c0-grint-contrib-watch grint-contrib-watch
13 verbose lock grint-contrib-watch C:\Users\jwshin\AppData\Roaming\npm-cache\896001c0-grint-contrib-watch.lock
14 silly lockFile 896001c0-grint-contrib-watch grint-contrib-watch
15 silly lockFile 896001c0-grint-contrib-watch grint-contrib-watch
16 verbose addNamed [ 'grint-contrib-watch', '' ]
17 verbose addNamed [ null, '*' ]
18 silly lockFile 89d86d4d-grint-contrib-watch grint-contrib-watch@
19 verbose lock grint-contrib-watch@ C:\Users\jwshin\AppData\Roaming\npm-cache\89d86d4d-grint-contrib-watch.lock
20 silly addNameRange { name: 'grint-contrib-watch', range: '*', hasData: false }
21 verbose request where is /grint-contrib-watch
22 verbose request registry https://registry.npmjs.org/
23 verbose request id 53a57d98d49c2d41
24 verbose url raw /grint-contrib-watch
25 verbose url resolving [ 'https://registry.npmjs.org/', './grint-contrib-watch' ]
26 verbose url resolved https://registry.npmjs.org/grint-contrib-watch
27 verbose request where is https://registry.npmjs.org/grint-contrib-watch
28 info trying registry request attempt 1 at 20:53:24
29 http GET https://registry.npmjs.org/grint-contrib-watch
30 http 404 https://registry.npmjs.org/grint-contrib-watch
31 verbose headers { date: 'Tue, 13 Jan 2015 03:52:43 GMT',
31 verbose headers   server: 'CouchDB/1.5.0 (Erlang OTP/R16B03)',
31 verbose headers   'content-type': 'application/json',
31 verbose headers   'cache-control': 'max-age=0',
31 verbose headers   'content-length': '52',
31 verbose headers   'accept-ranges': 'bytes',
31 verbose headers   via: '1.1 varnish',
31 verbose headers   age: '0',
31 verbose headers   'x-served-by': 'cache-lax1435-LAX',
31 verbose headers   'x-cache': 'MISS',
31 verbose headers   'x-cache-hits': '0',
31 verbose headers   'x-timer': 'S1421121163.586250,VS0,VE317',
31 verbose headers   'keep-alive': 'timeout=10, max=50',
31 verbose headers   connection: 'Keep-Alive' }
32 silly registry.get cb [ 404,
32 silly registry.get   { date: 'Tue, 13 Jan 2015 03:52:43 GMT',
32 silly registry.get     server: 'CouchDB/1.5.0 (Erlang OTP/R16B03)',
32 silly registry.get     'content-type': 'application/json',
32 silly registry.get     'cache-control': 'max-age=0',
32 silly registry.get     'content-length': '52',
32 silly registry.get     'accept-ranges': 'bytes',
32 silly registry.get     via: '1.1 varnish',
32 silly registry.get     age: '0',
32 silly registry.get     'x-served-by': 'cache-lax1435-LAX',
32 silly registry.get     'x-cache': 'MISS',
32 silly registry.get     'x-cache-hits': '0',
32 silly registry.get     'x-timer': 'S1421121163.586250,VS0,VE317',
32 silly registry.get     'keep-alive': 'timeout=10, max=50',
32 silly registry.get     connection: 'Keep-Alive' } ]
33 silly lockFile 89d86d4d-grint-contrib-watch grint-contrib-watch@
34 silly lockFile 89d86d4d-grint-contrib-watch grint-contrib-watch@
35 error 404 404 Not Found: grint-contrib-watch
35 error 404
35 error 404 'grint-contrib-watch' is not in the npm registry.
35 error 404 You should bug the author to publish it
35 error 404 It was specified as a dependency of 'ts_test'
35 error 404
35 error 404 Note that you can also install from a
35 error 404 tarball, folder, or http url, or git url.
36 error System Windows_NT 6.2.9200
37 error command "C:\\Program Files (x86)\\nodejs\\\\node.exe" "C:\\Program Files (x86)\\nodejs\\node_modules\\npm\\bin\\npm-cli.js" "install" "grint-contrib-watch" "-save-dev"
38 error cwd C:\Workspace\Personal\ts_test
39 error node -v v0.10.33
40 error npm -v 1.4.28
41 error code E404
42 verbose exit [ 1, true ]
